2021-10-30 19:18:58,703 INFO org.springframework.boot.StartupInfoLogger [restartedMain] Starting RestApplication using Java 16.0.2 on WIN-NTUDG52VFI6 with PID 7860 (E:\OnlineShop\rest\target\classes started by User in E:\OnlineShop)
2021-10-30 19:18:58,719 INFO org.springframework.boot.SpringApplication [restartedMain] No active profile set, falling back to default profiles: default
2021-10-30 19:18:59,003 INFO org.springframework.boot.logging.DeferredLog [restartedMain] Devtools property defaults active! Set 'spring.devtools.add-properties' to 'false' to disable
2021-10-30 19:18:59,003 INFO org.springframework.boot.logging.DeferredLog [restartedMain] For additional web related logging consider setting the 'logging.level.web' property to 'DEBUG'
2021-10-30 19:19:01,605 INFO org.springframework.data.repository.config.RepositoryConfigurationDelegate [restartedMain] Bootstrapping Spring Data JPA repositories in DEFAULT mode.
2021-10-30 19:19:01,964 INFO org.springframework.data.repository.config.RepositoryConfigurationDelegate [restartedMain] Finished Spring Data repository scanning in 338 ms. Found 3 JPA repository interfaces.
2021-10-30 19:19:05,044 INFO org.springframework.boot.web.embedded.tomcat.TomcatWebServer [restartedMain] Tomcat initialized with port(s): 8080 (http)
2021-10-30 19:19:05,075 INFO org.apache.juli.logging.DirectJDKLog [restartedMain] Initializing ProtocolHandler ["http-nio-8080"]
2021-10-30 19:19:05,075 INFO org.apache.juli.logging.DirectJDKLog [restartedMain] Starting service [Tomcat]
2021-10-30 19:19:05,091 INFO org.apache.juli.logging.DirectJDKLog [restartedMain] Starting Servlet engine: [Apache Tomcat/9.0.53]
2021-10-30 19:19:05,356 INFO org.apache.juli.logging.DirectJDKLog [restartedMain] Initializing Spring embedded WebApplicationContext
2021-10-30 19:19:05,356 INFO org.springframework.boot.web.servlet.context.ServletWebServerApplicationContext [restartedMain] Root WebApplicationContext: initialization completed in 6353 ms
2021-10-30 19:19:05,966 INFO com.zaxxer.hikari.HikariDataSource [restartedMain] HikariPool-1 - Starting...
2021-10-30 19:19:08,042 INFO com.zaxxer.hikari.HikariDataSource [restartedMain] HikariPool-1 - Start completed.
2021-10-30 19:19:08,260 INFO org.hibernate.jpa.internal.util.LogHelper [restartedMain] HHH000204: Processing PersistenceUnitInfo [name: default]
2021-10-30 19:19:08,573 INFO org.hibernate.Version [restartedMain] HHH000412: Hibernate ORM core version 5.4.32.Final
2021-10-30 19:19:09,245 INFO org.hibernate.annotations.common.reflection.java.JavaReflectionManager [restartedMain] HCANN000001: Hibernate Commons Annotations {5.1.2.Final}
2021-10-30 19:19:09,745 INFO org.hibernate.dialect.Dialect [restartedMain] HHH000400: Using dialect: org.hibernate.dialect.MySQL8Dialect
2021-10-30 19:19:11,526 INFO org.hibernate.engine.transaction.jta.platform.internal.JtaPlatformInitiator [restartedMain] HHH000490: Using JtaPlatform implementation: [org.hibernate.engine.transaction.jta.platform.internal.NoJtaPlatform]
2021-10-30 19:19:11,542 INFO org.springframework.orm.jpa.AbstractEntityManagerFactoryBean [restartedMain] Initialized JPA EntityManagerFactory for persistence unit 'default'
2021-10-30 19:19:12,245 WARN org.springframework.boot.autoconfigure.orm.jpa.JpaBaseConfiguration$JpaWebConfiguration [restartedMain] spring.jpa.open-in-view is enabled by default. Therefore, database queries may be performed during view rendering. Explicitly configure spring.jpa.open-in-view to disable this warning
2021-10-30 19:19:13,903 INFO org.springframework.security.web.DefaultSecurityFilterChain [restartedMain] Will secure any request with [org.springframework.security.web.context.request.async.WebAsyncManagerIntegrationFilter@3db779a9, org.springframework.security.web.context.SecurityContextPersistenceFilter@27b702e3, org.springframework.security.web.header.HeaderWriterFilter@14ad4409, org.springframework.security.web.authentication.logout.LogoutFilter@4a268b00, com.com.rest.security.JwtAuthenticationTokenFilter@76db2ff6, org.springframework.security.web.savedrequest.RequestCacheAwareFilter@2d776823, org.springframework.security.web.servletapi.SecurityContextHolderAwareRequestFilter@33751ff9, org.springframework.security.web.authentication.AnonymousAuthenticationFilter@62e8b6f3, org.springframework.security.web.session.SessionManagementFilter@50ce2abe, org.springframework.security.web.access.ExceptionTranslationFilter@be6cdd, org.springframework.security.web.access.intercept.FilterSecurityInterceptor@7ef16326]
2021-10-30 19:19:14,215 INFO org.springframework.boot.devtools.autoconfigure.OptionalLiveReloadServer [restartedMain] LiveReload server is running on port 35729
2021-10-30 19:19:14,387 WARN org.springframework.boot.autoconfigure.thymeleaf.ThymeleafAutoConfiguration$DefaultTemplateResolverConfiguration [restartedMain] Cannot find template location: classpath:/templates/ (please add some templates or check your Thymeleaf configuration)
2021-10-30 19:19:14,637 INFO org.apache.juli.logging.DirectJDKLog [restartedMain] Starting ProtocolHandler ["http-nio-8080"]
2021-10-30 19:19:14,700 INFO org.springframework.boot.web.embedded.tomcat.TomcatWebServer [restartedMain] Tomcat started on port(s): 8080 (http) with context path ''
2021-10-30 19:19:15,590 INFO org.springframework.boot.StartupInfoLogger [restartedMain] Started RestApplication in 18.736 seconds (JVM running for 24.981)
2021-10-30 19:26:00,201 INFO org.apache.juli.logging.DirectJDKLog [http-nio-8080-exec-2] Initializing Spring DispatcherServlet 'dispatcherServlet'
2021-10-30 19:26:00,201 INFO org.springframework.web.servlet.FrameworkServlet [http-nio-8080-exec-2] Initializing Servlet 'dispatcherServlet'
2021-10-30 19:26:00,204 INFO org.springframework.web.servlet.FrameworkServlet [http-nio-8080-exec-2] Completed initialization in 2 ms
2021-10-30 19:26:02,273 INFO com.com.rest.endpoint.UserEndpoint [http-nio-8080-exec-2] user @va successfully logged in
2021-10-30 19:26:41,094 INFO com.com.rest.endpoint.UserEndpoint [http-nio-8080-exec-3] User @va searching User by id
2021-10-30 19:27:51,601 INFO com.com.rest.endpoint.UserEndpoint [http-nio-8080-exec-6] successful addition of user wwwando@yandex.ru
2021-10-30 19:27:54,918 ERROR org.springframework.aop.interceptor.SimpleAsyncUncaughtExceptionHandler [task-1] Unexpected exception occurred invoking async method: public void com.com.common.service.EmailService.send(java.lang.String,java.lang.String,java.lang.String)
org.springframework.mail.MailAuthenticationException: Authentication failed; nested exception is javax.mail.AuthenticationFailedException: 535-5.7.8 Username and Password not accepted. Learn more at
535 5.7.8  https://support.google.com/mail/?p=BadCredentials h18sm952115ljq.51 - gsmtp

	at org.springframework.mail.javamail.JavaMailSenderImpl.doSend(JavaMailSenderImpl.java:440)
	at org.springframework.mail.javamail.JavaMailSenderImpl.send(JavaMailSenderImpl.java:323)
	at org.springframework.mail.javamail.JavaMailSenderImpl.send(JavaMailSenderImpl.java:312)
	at com.com.common.service.EmailService.send(EmailService.java:21)
	at com.com.common.service.EmailService$$FastClassBySpringCGLIB$$56426fb.invoke(<generated>)
	at org.springframework.cglib.proxy.MethodProxy.invoke(MethodProxy.java:218)
	at org.springframework.aop.framework.CglibAopProxy$CglibMethodInvocation.invokeJoinpoint(CglibAopProxy.java:779)
	at org.springframework.aop.framework.ReflectiveMethodInvocation.proceed(ReflectiveMethodInvocation.java:163)
	at org.springframework.aop.framework.CglibAopProxy$CglibMethodInvocation.proceed(CglibAopProxy.java:750)
	at org.springframework.aop.interceptor.AsyncExecutionInterceptor.lambda$invoke$0(AsyncExecutionInterceptor.java:115)
	at java.base/java.util.concurrent.FutureTask.run(FutureTask.java:264)
	at java.base/java.util.concurrent.ThreadPoolExecutor.runWorker(ThreadPoolExecutor.java:1130)
	at java.base/java.util.concurrent.ThreadPoolExecutor$Worker.run(ThreadPoolExecutor.java:630)
	at java.base/java.lang.Thread.run(Thread.java:831)
Caused by: javax.mail.AuthenticationFailedException: 535-5.7.8 Username and Password not accepted. Learn more at
535 5.7.8  https://support.google.com/mail/?p=BadCredentials h18sm952115ljq.51 - gsmtp

	at com.sun.mail.smtp.SMTPTransport$Authenticator.authenticate(SMTPTransport.java:947)
	at com.sun.mail.smtp.SMTPTransport.authenticate(SMTPTransport.java:858)
	at com.sun.mail.smtp.SMTPTransport.protocolConnect(SMTPTransport.java:762)
	at javax.mail.Service.connect(Service.java:342)
	at org.springframework.mail.javamail.JavaMailSenderImpl.connectTransport(JavaMailSenderImpl.java:518)
	at org.springframework.mail.javamail.JavaMailSenderImpl.doSend(JavaMailSenderImpl.java:437)
	... 13 common frames omitted
2021-10-30 19:39:35,908 INFO com.com.rest.endpoint.UserEndpoint [http-nio-8080-exec-9] successful addition of user wwwando@yandex.ru
2021-10-30 19:40:38,680 INFO org.springframework.orm.jpa.AbstractEntityManagerFactoryBean [SpringApplicationShutdownHook] Closing JPA EntityManagerFactory for persistence unit 'default'
2021-10-30 19:40:38,761 INFO com.zaxxer.hikari.HikariDataSource [SpringApplicationShutdownHook] HikariPool-1 - Shutdown initiated...
2021-10-30 19:40:39,045 INFO com.zaxxer.hikari.HikariDataSource [SpringApplicationShutdownHook] HikariPool-1 - Shutdown completed.
